<?xml version="1.0" encoding="UTF-8"?>
<!-- Generated by org.testng.reporters.JUnitXMLReporter -->
<testsuite ignored="0" hostname="Supreeths-MBP" failures="1" tests="1" name="LoginNegativeText" time="1.915" errors="0" timestamp="2022-06-10T15:40:29 EDT">
  <testcase classname="example1.MavenFrameworkBuild.LoginTextNegative" name="loginTextNegative" time="0.948">
    <failure type="org.junit.ComparisonFailure" message="expected:&amp;lt;[Sorry!This user is locked out]&amp;gt; but was:&amp;lt;[Epic sadface: Sorry, this user has been locked out.]&amp;gt;">
      <![CDATA[org.junit.ComparisonFailure: expected:<[Sorry!This user is locked out]> but was:<[Epic sadface: Sorry, this user has been locked out.]>
at org.junit.Assert.assertEquals(Assert.java:115)
at org.junit.Assert.assertEquals(Assert.java:144)
at example1.MavenFrameworkBuild.LoginTextNegative.loginTextNegative(LoginTextNegative.java:46)
at java.base/java.util.ArrayList.forEach(ArrayList.java:1511)
... Removed 27 stack frames]]>
    </failure>
  </testcase> <!-- loginTextNegative -->
</testsuite> <!-- LoginNegativeText -->
