<?xml version="1.0" encoding="UTF-8"?>
<!-- Generated by org.testng.reporters.JUnitXMLReporter -->
<testsuite ignored="0" hostname="Supreeths-MBP" failures="0" tests="3" name="Test" time="19.279" errors="0" timestamp="2022-06-09T10:29:48 EDT">
  <testcase classname="example1.MavenFrameworkBuild.LoginTest" name="f" time="5.712"/>
  <testcase classname="example1.MavenFrameworkBuild.LoginTest" name="f" time="3.849"/>
  <testcase classname="example1.MavenFrameworkBuild.AddItemsToCartCheckOut" name="navigationTesting" time="2.316"/>
</testsuite> <!-- Test -->
