<?xml version="1.0" encoding="UTF-8"?>
<!-- Generated by org.testng.reporters.JUnitXMLReporter -->
<testsuite ignored="0" hostname="Supreeths-MBP" failures="1" tests="1" name="Test3" time="21.899" errors="0" timestamp="2022-06-04T09:16:39 EDT">
  <testcase classname="example1.MavenFrameworkBuild.TitleTextTest" name="titleTesting" time="0.112">
    <failure type="java.lang.AssertionError" message="expected:&amp;lt;FEATURED COURSES123&amp;gt; but was:&amp;lt;FEATURED COURSES&amp;gt;">
      <![CDATA[java.lang.AssertionError: expected:<FEATURED COURSES123> but was:<FEATURED COURSES>
at example1.MavenFrameworkBuild.TitleTextTest.titleTesting(TitleTextTest.java:34)
at java.base/java.util.ArrayList.forEach(ArrayList.java:1511)
... Removed 33 stack frames]]>
    </failure>
  </testcase> <!-- titleTesting -->
</testsuite> <!-- Test3 -->
