<?xml version="1.0" encoding="UTF-8"?>
<!-- Generated by org.testng.reporters.JUnitXMLReporter -->
<testsuite ignored="0" hostname="Supreeths-MBP" failures="0" tests="3" name="Test" time="16.662" errors="0" timestamp="2022-06-09T11:30:18 EDT">
  <testcase classname="example1.MavenFrameworkBuild.LoginTest" name="f" time="4.977"/>
  <testcase classname="example1.MavenFrameworkBuild.LoginTest" name="f" time="3.794"/>
  <testcase classname="example1.MavenFrameworkBuild.AddItemsToCartCheckOut" name="navigationTesting" time="1.667"/>
</testsuite> <!-- Test -->
