<?xml version="1.0" encoding="UTF-8"?>
<testng-results ignored="0" total="4" passed="3" failed="1" skipped="0">
  <reporter-output>
  </reporter-output>
  <suite started-at="2022-06-10T16:57:29 EDT" name="Suite" finished-at="2022-06-10T16:57:58 EDT" duration-ms="28757">
    <groups>
    </groups>
    <test started-at="2022-06-10T16:57:29 EDT" name="LoginFunctionality" finished-at="2022-06-10T16:57:53 EDT" duration-ms="23685">
      <class name="example1.MavenFrameworkBuild.LoginTest">
        <test-method is-config="true" signature="b4Test()[pri:0, instance:example1.MavenFrameworkBuild.LoginTest@3148f668]" started-at="2022-06-10T16:57:29 EDT" name="b4Test" finished-at="2022-06-10T16:57:44 EDT" duration-ms="15397" status="PASS">
          <reporter-output>
          </reporter-output>
        </test-method> <!-- b4Test -->
        <test-method signature="loginMethod(java.lang.String, java.lang.String, java.lang.String)[pri:0, instance:example1.MavenFrameworkBuild.LoginTest@3148f668]" started-at="2022-06-10T16:57:44 EDT" name="loginMethod" data-provider="getData" finished-at="2022-06-10T16:57:49 EDT" duration-ms="4428" status="PASS">
          <params>
            <param index="0">
              <value>
                <![CDATA[ghgjhhjr]]>
              </value>
            </param>
            <param index="1">
              <value>
                <![CDATA[xyz]]>
              </value>
            </param>
            <param index="2">
              <value>
                <![CDATA[Invalid one]]>
              </value>
            </param>
          </params>
          <reporter-output>
          </reporter-output>
        </test-method> <!-- loginMethod -->
        <test-method signature="loginMethod(java.lang.String, java.lang.String, java.lang.String)[pri:0, instance:example1.MavenFrameworkBuild.LoginTest@3148f668]" started-at="2022-06-10T16:57:49 EDT" name="loginMethod" data-provider="getData" finished-at="2022-06-10T16:57:52 EDT" duration-ms="3537" status="PASS">
          <params>
            <param index="0">
              <value>
                <![CDATA[standard_user]]>
              </value>
            </param>
            <param index="1">
              <value>
                <![CDATA[secret_sauce]]>
              </value>
            </param>
            <param index="2">
              <value>
                <![CDATA[Valid one]]>
              </value>
            </param>
          </params>
          <reporter-output>
          </reporter-output>
        </test-method> <!-- loginMethod -->
        <test-method is-config="true" signature="aftrTestMethod()[pri:0, instance:example1.MavenFrameworkBuild.LoginTest@3148f668]" started-at="2022-06-10T16:57:52 EDT" name="aftrTestMethod" finished-at="2022-06-10T16:57:53 EDT" duration-ms="274" status="PASS">
          <reporter-output>
          </reporter-output>
        </test-method> <!-- aftrTestMethod -->
      </class> <!-- example1.MavenFrameworkBuild.LoginTest -->
    </test> <!-- LoginFunctionality -->
    <test started-at="2022-06-10T16:57:53 EDT" name="LoginNegativeText" finished-at="2022-06-10T16:57:55 EDT" duration-ms="2154">
      <class name="example1.MavenFrameworkBuild.LoginTextNegative">
        <test-method is-config="true" signature="b4Test()[pri:0, instance:example1.MavenFrameworkBuild.LoginTextNegative@6c2ed0cd]" started-at="2022-06-10T16:57:53 EDT" name="b4Test" finished-at="2022-06-10T16:57:53 EDT" duration-ms="913" status="PASS">
          <reporter-output>
          </reporter-output>
        </test-method> <!-- b4Test -->
        <test-method signature="loginTextNegative()[pri:0, instance:example1.MavenFrameworkBuild.LoginTextNegative@6c2ed0cd]" started-at="2022-06-10T16:57:53 EDT" name="loginTextNegative" finished-at="2022-06-10T16:57:54 EDT" duration-ms="981" status="FAIL">
          <exception class="org.junit.ComparisonFailure">
            <message>
              <![CDATA[expected:<[Sorry!This user is locked out]> but was:<[Epic sadface: Sorry, this user has been locked out.]>]]>
            </message>
            <full-stacktrace>
              <![CDATA[org.junit.ComparisonFailure: expected:<[Sorry!This user is locked out]> but was:<[Epic sadface: Sorry, this user has been locked out.]>
at org.junit.Assert.assertEquals(Assert.java:115)
at org.junit.Assert.assertEquals(Assert.java:144)
at example1.MavenFrameworkBuild.LoginTextNegative.loginTextNegative(LoginTextNegative.java:46)
at java.base/jdk.internal.reflect.NativeMethodAccessorImpl.invoke0(Native Method)
at java.base/jdk.internal.reflect.NativeMethodAccessorImpl.invoke(NativeMethodAccessorImpl.java:64)
at java.base/jdk.internal.reflect.DelegatingMethodAccessorImpl.invoke(DelegatingMethodAccessorImpl.java:43)
at java.base/java.lang.reflect.Method.invoke(Method.java:564)
at org.testng.internal.MethodInvocationHelper.invokeMethod(MethodInvocationHelper.java:132)
at org.testng.internal.TestInvoker.invokeMethod(TestInvoker.java:599)
at org.testng.internal.TestInvoker.invokeTestMethod(TestInvoker.java:174)
at org.testng.internal.MethodRunner.runInSequence(MethodRunner.java:46)
at org.testng.internal.TestInvoker$MethodInvocationAgent.invoke(TestInvoker.java:822)
at org.testng.internal.TestInvoker.invokeTestMethods(TestInvoker.java:147)
at org.testng.internal.TestMethodWorker.invokeTestMethods(TestMethodWorker.java:146)
at org.testng.internal.TestMethodWorker.run(TestMethodWorker.java:128)
at java.base/java.util.ArrayList.forEach(ArrayList.java:1511)
at org.testng.TestRunner.privateRun(TestRunner.java:764)
at org.testng.TestRunner.run(TestRunner.java:585)
at org.testng.SuiteRunner.runTest(SuiteRunner.java:384)
at org.testng.SuiteRunner.runSequentially(SuiteRunner.java:378)
at org.testng.SuiteRunner.privateRun(SuiteRunner.java:337)
at org.testng.SuiteRunner.run(SuiteRunner.java:286)
at org.testng.SuiteRunnerWorker.runSuite(SuiteRunnerWorker.java:53)
at org.testng.SuiteRunnerWorker.run(SuiteRunnerWorker.java:96)
at org.testng.TestNG.runSuitesSequentially(TestNG.java:1218)
at org.testng.TestNG.runSuitesLocally(TestNG.java:1140)
at org.testng.TestNG.runSuites(TestNG.java:1069)
at org.testng.TestNG.run(TestNG.java:1037)
at org.apache.maven.surefire.testng.TestNGExecutor.run(TestNGExecutor.java:284)
at org.apache.maven.surefire.testng.TestNGXmlTestSuite.execute(TestNGXmlTestSuite.java:75)
at org.apache.maven.surefire.testng.TestNGProvider.invoke(TestNGProvider.java:119)
at org.apache.maven.surefire.booter.ForkedBooter.runSuitesInProcess(ForkedBooter.java:428)
at org.apache.maven.surefire.booter.ForkedBooter.execute(ForkedBooter.java:162)
at org.apache.maven.surefire.booter.ForkedBooter.run(ForkedBooter.java:562)
at org.apache.maven.surefire.booter.ForkedBooter.main(ForkedBooter.java:548)
]]>
            </full-stacktrace>
          </exception> <!-- org.junit.ComparisonFailure -->
          <reporter-output>
          </reporter-output>
        </test-method> <!-- loginTextNegative -->
        <test-method is-config="true" signature="aftrTestMethod()[pri:0, instance:example1.MavenFrameworkBuild.LoginTextNegative@6c2ed0cd]" started-at="2022-06-10T16:57:55 EDT" name="aftrTestMethod" finished-at="2022-06-10T16:57:55 EDT" duration-ms="64" status="PASS">
          <reporter-output>
          </reporter-output>
        </test-method> <!-- aftrTestMethod -->
      </class> <!-- example1.MavenFrameworkBuild.LoginTextNegative -->
    </test> <!-- LoginNegativeText -->
    <test started-at="2022-06-10T16:57:55 EDT" name="CheckoutFunctionality" finished-at="2022-06-10T16:57:58 EDT" duration-ms="2876">
      <class name="example1.MavenFrameworkBuild.AddItemsToCartCheckOut">
        <test-method is-config="true" signature="b4Test()[pri:0, instance:example1.MavenFrameworkBuild.AddItemsToCartCheckOut@44d52de2]" started-at="2022-06-10T16:57:55 EDT" name="b4Test" finished-at="2022-06-10T16:57:56 EDT" duration-ms="1207" status="PASS">
          <reporter-output>
          </reporter-output>
        </test-method> <!-- b4Test -->
        <test-method signature="navigationTesting()[pri:0, instance:example1.MavenFrameworkBuild.AddItemsToCartCheckOut@44d52de2]" started-at="2022-06-10T16:57:56 EDT" name="navigationTesting" finished-at="2022-06-10T16:57:57 EDT" duration-ms="1547" status="PASS">
          <reporter-output>
          </reporter-output>
        </test-method> <!-- navigationTesting -->
        <test-method is-config="true" signature="aftrTestMethod()[pri:0, instance:example1.MavenFrameworkBuild.AddItemsToCartCheckOut@44d52de2]" started-at="2022-06-10T16:57:57 EDT" name="aftrTestMethod" finished-at="2022-06-10T16:57:58 EDT" duration-ms="120" status="PASS">
          <reporter-output>
          </reporter-output>
        </test-method> <!-- aftrTestMethod -->
      </class> <!-- example1.MavenFrameworkBuild.AddItemsToCartCheckOut -->
    </test> <!-- CheckoutFunctionality -->
  </suite> <!-- Suite -->
</testng-results>
