<?xml version="1.0" encoding="UTF-8"?>
<testsuite xmlns:xsi="http://www.w3.org/2001/XMLSchema-instance" xsi:noNamespaceSchemaLocation="https://maven.apache.org/surefire/maven-surefire-plugin/xsd/surefire-test-report-3.0.xsd" version="3.0" name="TestSuite" time="30.048" tests="4" errors="0" skipped="0" failures="1">
  <properties>
[...]
</properties>
  <testcase name="loginMethod[ghgjhhjr, xyz, Invalid one](1)" classname="example1.MavenFrameworkBuild.LoginTest" time="3.932">
    <system-out><![CDATA[Invalid one
]]></system-out>
    <system-err><![CDATA[Jun 10, 2022 4:57:44 PM org.openqa.selenium.remote.ProtocolHandshake createSession
INFO: Detected dialect: W3C
]]></system-err>
  </testcase>
  <testcase name="loginMethod[standard_user, secret_sauce, Valid one](2)" classname="example1.MavenFrameworkBuild.LoginTest" time="3.535">
    <system-out><![CDATA[Valid one
]]></system-out>
  </testcase>
  <testcase name="loginTextNegative" classname="example1.MavenFrameworkBuild.LoginTextNegative" time="1.176">
    <failure message="expected:&lt;[Sorry!This user is locked out]&gt; but was:&lt;[Epic sadface: Sorry, this user has been locked out.]&gt;" type="org.junit.ComparisonFailure"><![CDATA[org.junit.ComparisonFailure: expected:<[Sorry!This user is locked out]> but was:<[Epic sadface: Sorry, this user has been locked out.]>
	at example1.MavenFrameworkBuild.LoginTextNegative.loginTextNegative(LoginTextNegative.java:46)
]]></failure>
    <system-err><![CDATA[Jun 10, 2022 4:57:53 PM org.openqa.selenium.remote.ProtocolHandshake createSession
INFO: Detected dialect: W3C
]]></system-err>
  </testcase>
  <testcase name="navigationTesting" classname="example1.MavenFrameworkBuild.AddItemsToCartCheckOut" time="1.515">
    <system-out><![CDATA[Checkout: Complete!
THANK YOU FOR YOUR ORDER
]]></system-out>
    <system-err><![CDATA[Jun 10, 2022 4:57:56 PM org.openqa.selenium.remote.ProtocolHandshake createSession
INFO: Detected dialect: W3C
]]></system-err>
  </testcase>
</testsuite>