<?xml version="1.0" encoding="UTF-8"?>
<testng-results ignored="0" total="4" passed="3" failed="1" skipped="0">
  <reporter-output>
  </reporter-output>
  <suite started-at="2022-06-10T15:40:18 EDT" name="Suite" finished-at="2022-06-10T15:40:31 EDT" duration-ms="13791">
    <groups>
    </groups>
    <test started-at="2022-06-10T15:40:18 EDT" name="LoginFunctionality" finished-at="2022-06-10T15:40:27 EDT" duration-ms="9229">
      <class name="example1.MavenFrameworkBuild.LoginTest">
        <test-method is-config="true" signature="b4Test()[pri:0, instance:example1.MavenFrameworkBuild.LoginTest@38089a5a]" started-at="2022-06-10T15:40:18 EDT" name="b4Test" finished-at="2022-06-10T15:40:19 EDT" duration-ms="1516" status="PASS">
          <reporter-output>
          </reporter-output>
        </test-method> <!-- b4Test -->
        <test-method signature="f(java.lang.String, java.lang.String, java.lang.String)[pri:0, instance:example1.MavenFrameworkBuild.LoginTest@38089a5a]" started-at="2022-06-10T15:40:19 EDT" name="f" data-provider="getData" finished-at="2022-06-10T15:40:23 EDT" duration-ms="4130" status="PASS">
          <params>
            <param index="0">
              <value>
                <![CDATA[ghgjhhjr]]>
              </value>
            </param>
            <param index="1">
              <value>
                <![CDATA[xyz]]>
              </value>
            </param>
            <param index="2">
              <value>
                <![CDATA[Invalid one]]>
              </value>
            </param>
          </params>
          <reporter-output>
          </reporter-output>
        </test-method> <!-- f -->
        <test-method signature="f(java.lang.String, java.lang.String, java.lang.String)[pri:0, instance:example1.MavenFrameworkBuild.LoginTest@38089a5a]" started-at="2022-06-10T15:40:23 EDT" name="f" data-provider="getData" finished-at="2022-06-10T15:40:27 EDT" duration-ms="3452" status="PASS">
          <params>
            <param index="0">
              <value>
                <![CDATA[standard_user]]>
              </value>
            </param>
            <param index="1">
              <value>
                <![CDATA[secret_sauce]]>
              </value>
            </param>
            <param index="2">
              <value>
                <![CDATA[Valid one]]>
              </value>
            </param>
          </params>
          <reporter-output>
          </reporter-output>
        </test-method> <!-- f -->
        <test-method is-config="true" signature="aftrTestMethod()[pri:0, instance:example1.MavenFrameworkBuild.LoginTest@38089a5a]" started-at="2022-06-10T15:40:27 EDT" name="aftrTestMethod" finished-at="2022-06-10T15:40:27 EDT" duration-ms="92" status="PASS">
          <reporter-output>
          </reporter-output>
        </test-method> <!-- aftrTestMethod -->
      </class> <!-- example1.MavenFrameworkBuild.LoginTest -->
    </test> <!-- LoginFunctionality -->
    <test started-at="2022-06-10T15:40:27 EDT" name="LoginNegativeText" finished-at="2022-06-10T15:40:29 EDT" duration-ms="1915">
      <class name="example1.MavenFrameworkBuild.LoginTextNegative">
        <test-method is-config="true" signature="b4Test()[pri:0, instance:example1.MavenFrameworkBuild.LoginTextNegative@3f9342d4]" started-at="2022-06-10T15:40:27 EDT" name="b4Test" finished-at="2022-06-10T15:40:28 EDT" duration-ms="785" status="PASS">
          <reporter-output>
          </reporter-output>
        </test-method> <!-- b4Test -->
        <test-method signature="loginTextNegative()[pri:0, instance:example1.MavenFrameworkBuild.LoginTextNegative@3f9342d4]" started-at="2022-06-10T15:40:28 EDT" name="loginTextNegative" finished-at="2022-06-10T15:40:29 EDT" duration-ms="948" status="FAIL">
          <exception class="org.junit.ComparisonFailure">
            <message>
              <![CDATA[expected:<[Sorry!This user is locked out]> but was:<[Epic sadface: Sorry, this user has been locked out.]>]]>
            </message>
            <full-stacktrace>
              <![CDATA[org.junit.ComparisonFailure: expected:<[Sorry!This user is locked out]> but was:<[Epic sadface: Sorry, this user has been locked out.]>
at org.junit.Assert.assertEquals(Assert.java:115)
at org.junit.Assert.assertEquals(Assert.java:144)
at example1.MavenFrameworkBuild.LoginTextNegative.loginTextNegative(LoginTextNegative.java:46)
at java.base/jdk.internal.reflect.NativeMethodAccessorImpl.invoke0(Native Method)
at java.base/jdk.internal.reflect.NativeMethodAccessorImpl.invoke(NativeMethodAccessorImpl.java:64)
at java.base/jdk.internal.reflect.DelegatingMethodAccessorImpl.invoke(DelegatingMethodAccessorImpl.java:43)
at java.base/java.lang.reflect.Method.invoke(Method.java:564)
at org.testng.internal.MethodInvocationHelper.invokeMethod(MethodInvocationHelper.java:132)
at org.testng.internal.TestInvoker.invokeMethod(TestInvoker.java:599)
at org.testng.internal.TestInvoker.invokeTestMethod(TestInvoker.java:174)
at org.testng.internal.MethodRunner.runInSequence(MethodRunner.java:46)
at org.testng.internal.TestInvoker$MethodInvocationAgent.invoke(TestInvoker.java:822)
at org.testng.internal.TestInvoker.invokeTestMethods(TestInvoker.java:147)
at org.testng.internal.TestMethodWorker.invokeTestMethods(TestMethodWorker.java:146)
at org.testng.internal.TestMethodWorker.run(TestMethodWorker.java:128)
at java.base/java.util.ArrayList.forEach(ArrayList.java:1511)
at org.testng.TestRunner.privateRun(TestRunner.java:764)
at org.testng.TestRunner.run(TestRunner.java:585)
at org.testng.SuiteRunner.runTest(SuiteRunner.java:384)
at org.testng.SuiteRunner.runSequentially(SuiteRunner.java:378)
at org.testng.SuiteRunner.privateRun(SuiteRunner.java:337)
at org.testng.SuiteRunner.run(SuiteRunner.java:286)
at org.testng.SuiteRunnerWorker.runSuite(SuiteRunnerWorker.java:53)
at org.testng.SuiteRunnerWorker.run(SuiteRunnerWorker.java:96)
at org.testng.TestNG.runSuitesSequentially(TestNG.java:1218)
at org.testng.TestNG.runSuitesLocally(TestNG.java:1140)
at org.testng.TestNG.runSuites(TestNG.java:1069)
at org.testng.TestNG.run(TestNG.java:1037)
at org.testng.remote.AbstractRemoteTestNG.run(AbstractRemoteTestNG.java:115)
at org.testng.remote.RemoteTestNG.initAndRun(RemoteTestNG.java:251)
at org.testng.remote.RemoteTestNG.main(RemoteTestNG.java:77)
]]>
            </full-stacktrace>
          </exception> <!-- org.junit.ComparisonFailure -->
          <reporter-output>
          </reporter-output>
        </test-method> <!-- loginTextNegative -->
        <test-method is-config="true" signature="aftrTestMethod()[pri:0, instance:example1.MavenFrameworkBuild.LoginTextNegative@3f9342d4]" started-at="2022-06-10T15:40:29 EDT" name="aftrTestMethod" finished-at="2022-06-10T15:40:29 EDT" duration-ms="74" status="PASS">
          <reporter-output>
          </reporter-output>
        </test-method> <!-- aftrTestMethod -->
      </class> <!-- example1.MavenFrameworkBuild.LoginTextNegative -->
    </test> <!-- LoginNegativeText -->
    <test started-at="2022-06-10T15:40:29 EDT" name="CheckoutFunctionality" finished-at="2022-06-10T15:40:31 EDT" duration-ms="2616">
      <class name="example1.MavenFrameworkBuild.AddItemsToCartCheckOut">
        <test-method is-config="true" signature="b4Test()[pri:0, instance:example1.MavenFrameworkBuild.AddItemsToCartCheckOut@d62fe5b]" started-at="2022-06-10T15:40:29 EDT" name="b4Test" finished-at="2022-06-10T15:40:30 EDT" duration-ms="1098" status="PASS">
          <reporter-output>
          </reporter-output>
        </test-method> <!-- b4Test -->
        <test-method signature="navigationTesting()[pri:0, instance:example1.MavenFrameworkBuild.AddItemsToCartCheckOut@d62fe5b]" started-at="2022-06-10T15:40:30 EDT" name="navigationTesting" finished-at="2022-06-10T15:40:31 EDT" duration-ms="1427" status="PASS">
          <reporter-output>
          </reporter-output>
        </test-method> <!-- navigationTesting -->
        <test-method is-config="true" signature="aftrTestMethod()[pri:0, instance:example1.MavenFrameworkBuild.AddItemsToCartCheckOut@d62fe5b]" started-at="2022-06-10T15:40:31 EDT" name="aftrTestMethod" finished-at="2022-06-10T15:40:31 EDT" duration-ms="89" status="PASS">
          <reporter-output>
          </reporter-output>
        </test-method> <!-- aftrTestMethod -->
      </class> <!-- example1.MavenFrameworkBuild.AddItemsToCartCheckOut -->
    </test> <!-- CheckoutFunctionality -->
  </suite> <!-- Suite -->
</testng-results>
